2014-07-01 18:13:49,691:INFO:Bienvenue dans le script pour redescendre des tables entre bases.
2014-07-01 18:13:49,691:INFO:Mode d'action choisi : lunch.
2014-07-01 18:13:49,692:DEBUG:Début chargement configuration
2014-07-01 18:13:49,693:DEBUG:Chargement configuration réussi
2014-07-01 18:13:49,694:INFO:Début lunch pour mon instance
2014-07-01 18:13:49,694:INFO:Fin lunch
2014-07-01 18:13:49,695:INFO:Fin du script.
2014-07-01 18:15:02,325:INFO:Bienvenue dans le script.
2014-07-01 18:15:02,325:INFO:Mode d'action choisi : lunch.
2014-07-01 18:15:02,326:DEBUG:Début chargement configuration
2014-07-01 18:15:02,326:DEBUG:Chargement configuration réussi
2014-07-01 18:15:02,327:INFO:Début lunch pour mon instance
2014-07-01 18:15:02,327:INFO:Fin lunch
2014-07-01 18:15:02,328:INFO:Fin du script.
2014-07-01 18:16:33,304:INFO:Bienvenue dans le script.
2014-07-01 18:16:33,304:INFO:Mode d'action choisi : lunch.
2014-07-01 18:16:33,305:DEBUG:Début chargement configuration
2014-07-01 18:16:33,305:DEBUG:Chargement configuration réussi
2014-07-01 18:16:33,306:INFO:Chargement du json pour mon instance reussi.
2014-07-01 18:16:33,306:INFO:Début lunch
2014-07-01 18:16:33,307:INFO:Fin lunch
2014-07-01 18:16:33,307:INFO:Fin du script.
2014-07-02 17:37:46,335:INFO:Bienvenue dans le script.
2014-07-02 17:37:46,335:INFO:Mode d'action choisi : lunch.
2014-07-02 17:37:46,335:DEBUG:Début chargement configuration
2014-07-02 17:37:46,336:DEBUG:Chargement configuration réussi
2014-07-02 17:37:46,336:INFO:Chargement du json pour mon instance reussi.
2014-07-02 17:37:46,336:INFO:Début lunch
2014-07-02 17:37:46,337:INFO:Fin lunch
2014-07-02 17:37:46,337:INFO:Fin du script.
2014-07-02 17:39:59,894:INFO:Bienvenue dans le script.
2014-07-02 17:39:59,894:INFO:Mode d'action choisi : lunch.
2014-07-02 17:39:59,894:DEBUG:Début chargement configuration
2014-07-02 17:41:46,466:INFO:Bienvenue dans le script pour redescendre des tables entre bases.
2014-07-02 17:41:46,466:INFO:Mode d'action choisi : lunch.
2014-07-02 17:41:46,467:DEBUG:Début chargement configuration
2014-07-02 17:43:23,023:INFO:Bienvenue dans le script pour redescendre des tables entre bases.
2014-07-02 17:43:23,024:INFO:Mode d'action choisi : lunch.
2014-07-02 17:43:23,024:DEBUG:Début chargement configuration
2014-07-02 17:44:12,607:INFO:Bienvenue dans le script pour redescendre des tables entre bases.
2014-07-02 17:44:12,608:INFO:Mode d'action choisi : lunch.
2014-07-02 17:44:12,608:DEBUG:Début chargement configuration
2014-07-02 17:44:12,610:DEBUG:Chargement configuration réussi
2014-07-02 17:44:12,610:INFO:Début lunch pour mon instance
2014-07-02 17:44:12,611:ERROR:Erreur pendant lunch : ('db_origine')
2014-07-02 17:44:12,611:INFO:Fin du script.
2014-07-02 17:44:49,185:INFO:Bienvenue dans le script pour redescendre des tables entre bases.
2014-07-02 17:44:49,186:INFO:Mode d'action choisi : lunch.
2014-07-02 17:44:49,186:DEBUG:Début chargement configuration
2014-07-02 17:44:49,188:DEBUG:Chargement configuration réussi
2014-07-02 17:44:49,189:INFO:Début lunch pour mon instance
2014-07-02 17:44:49,189:ERROR:Erreur pendant lunch : ('db_origine')
2014-07-02 17:44:49,190:INFO:Fin du script.
2014-07-02 17:47:45,674:INFO:Bienvenue dans le script pour redescendre des tables entre bases.
2014-07-02 17:47:45,675:INFO:Mode d'action choisi : lunch.
2014-07-02 17:47:45,675:DEBUG:Début chargement configuration
2014-07-02 17:47:45,676:DEBUG:Chargement configuration réussi
2014-07-02 17:47:45,676:INFO:Début lunch pour Extraction des datas de MoneyEx
2014-07-02 17:47:45,676:ERROR:Erreur pendant lunch : ('db_origine')
2014-07-02 17:47:45,677:INFO:Fin du script.
2014-07-02 17:56:27,475:INFO:Bienvenue dans le script pour redescendre des tables entre bases.
2014-07-02 17:56:27,476:INFO:Mode d'action choisi : lunch.
2014-07-02 17:56:27,476:DEBUG:Début chargement configuration
2014-07-02 17:56:27,477:DEBUG:Chargement configuration réussi
2014-07-02 17:56:27,477:INFO:Début lunch pour Extraction des datas de MoneyEx
2014-07-02 17:56:27,483:INFO:Fin lunch
2014-07-02 17:56:27,484:INFO:Fin du script.
2014-07-02 18:00:28,117:INFO:Bienvenue dans le script pour redescendre des tables entre bases.
2014-07-02 18:00:28,118:INFO:Mode d'action choisi : lunch.
2014-07-02 18:00:28,118:DEBUG:Début chargement configuration
2014-07-02 18:00:28,119:DEBUG:Chargement configuration réussi
2014-07-02 18:00:28,119:INFO:Début lunch pour Extraction des datas de MoneyEx
2014-07-02 18:00:28,120:ERROR:Erreur pendant lunch : (Can't convert 'StreamReaderWriter' object to str implicitly)
2014-07-02 18:00:28,120:INFO:Fin du script.
2014-07-02 18:06:31,227:INFO:Bienvenue dans le script pour redescendre des tables entre bases.
2014-07-02 18:06:31,227:INFO:Mode d'action choisi : lunch.
2014-07-02 18:06:31,228:DEBUG:Début chargement configuration
2014-07-02 18:06:31,229:DEBUG:Chargement configuration réussi
2014-07-02 18:06:31,229:INFO:Début lunch pour Extraction des datas de MoneyEx
2014-07-02 18:06:31,230:ERROR:Erreur pendant lunch : (local variable 'data' referenced before assignment)
2014-07-02 18:06:31,230:INFO:Fin du script.
2014-07-02 18:06:53,098:INFO:Bienvenue dans le script pour redescendre des tables entre bases.
2014-07-02 18:06:53,098:INFO:Mode d'action choisi : lunch.
2014-07-02 18:06:53,099:DEBUG:Début chargement configuration
2014-07-02 18:06:53,099:DEBUG:Chargement configuration réussi
2014-07-02 18:06:53,100:INFO:Début lunch pour Extraction des datas de MoneyEx
2014-07-02 18:06:53,177:ERROR:Erreur pendant lunch : ('charmap' codec can't encode character '\u201a' in position 7: character maps to <undefined>)
2014-07-02 18:06:53,177:INFO:Fin du script.
2014-07-02 18:08:59,810:INFO:Bienvenue dans le script pour redescendre des tables entre bases.
2014-07-02 18:08:59,810:INFO:Mode d'action choisi : lunch.
2014-07-02 18:08:59,811:DEBUG:Début chargement configuration
2014-07-02 18:08:59,811:DEBUG:Chargement configuration réussi
2014-07-02 18:08:59,811:INFO:Début lunch pour Extraction des datas de MoneyEx
2014-07-02 18:08:59,811:ERROR:Erreur pendant lunch : (an integer is required (got type str))
2014-07-02 18:08:59,812:INFO:Fin du script.
2014-07-02 18:10:10,745:INFO:Bienvenue dans le script pour redescendre des tables entre bases.
2014-07-02 18:10:10,745:INFO:Mode d'action choisi : lunch.
2014-07-02 18:10:10,746:DEBUG:Début chargement configuration
2014-07-02 18:10:10,746:DEBUG:Chargement configuration réussi
2014-07-02 18:10:10,747:INFO:Début lunch pour Extraction des datas de MoneyEx
2014-07-02 18:10:10,747:ERROR:Erreur pendant lunch : (global name 'p_fileJson' is not defined)
2014-07-02 18:10:10,747:INFO:Fin du script.
2014-07-02 18:10:32,470:INFO:Bienvenue dans le script pour redescendre des tables entre bases.
2014-07-02 18:10:32,471:INFO:Mode d'action choisi : lunch.
2014-07-02 18:10:32,471:DEBUG:Début chargement configuration
2014-07-02 18:10:32,472:DEBUG:Chargement configuration réussi
2014-07-02 18:10:32,472:INFO:Début lunch pour Extraction des datas de MoneyEx
2014-07-02 18:10:32,541:ERROR:Erreur pendant lunch : ('charmap' codec can't encode character '\u20ac' in position 6: character maps to <undefined>)
2014-07-02 18:10:32,542:INFO:Fin du script.
2014-07-02 18:13:43,775:INFO:Bienvenue dans le script pour redescendre des tables entre bases.
2014-07-02 18:13:43,776:INFO:Mode d'action choisi : lunch.
2014-07-02 18:13:43,776:DEBUG:Début chargement configuration
2014-07-02 18:13:43,776:DEBUG:Chargement configuration réussi
2014-07-02 18:13:43,776:INFO:Début lunch pour Extraction des datas de MoneyEx
2014-07-02 18:13:43,777:ERROR:Erreur pendant lunch : (an integer is required (got type str))
2014-07-02 18:13:43,777:INFO:Fin du script.
2014-07-02 18:14:01,352:INFO:Bienvenue dans le script pour redescendre des tables entre bases.
2014-07-02 18:14:01,352:INFO:Mode d'action choisi : lunch.
2014-07-02 18:14:01,352:DEBUG:Début chargement configuration
2014-07-02 18:14:01,353:DEBUG:Chargement configuration réussi
2014-07-02 18:14:01,353:INFO:Début lunch pour Extraction des datas de MoneyEx
2014-07-02 18:14:01,373:ERROR:Erreur pendant lunch : ('charmap' codec can't encode character '\u201a' in position 7: character maps to <undefined>)
2014-07-02 18:14:01,373:INFO:Fin du script.
2014-07-02 18:14:24,118:INFO:Bienvenue dans le script pour redescendre des tables entre bases.
2014-07-02 18:14:24,118:INFO:Mode d'action choisi : lunch.
2014-07-02 18:14:24,119:DEBUG:Début chargement configuration
2014-07-02 18:14:24,119:DEBUG:Chargement configuration réussi
2014-07-02 18:14:24,119:INFO:Début lunch pour Extraction des datas de MoneyEx
2014-07-02 18:14:27,425:ERROR:Erreur pendant lunch : ('charmap' codec can't encode characters in position 5-6: character maps to <undefined>)
2014-07-02 18:14:27,425:INFO:Fin du script.
2014-07-02 18:15:40,023:INFO:Bienvenue dans le script pour redescendre des tables entre bases.
2014-07-02 18:15:40,024:INFO:Mode d'action choisi : lunch.
2014-07-02 18:15:40,024:DEBUG:Début chargement configuration
2014-07-02 18:15:40,025:DEBUG:Chargement configuration réussi
2014-07-02 18:15:40,026:INFO:Début lunch pour Extraction des datas de MoneyEx
2014-07-02 18:15:40,051:ERROR:Erreur pendant lunch : ('charmap' codec can't encode character '\u20ac' in position 6: character maps to <undefined>)
2014-07-02 18:15:40,052:INFO:Fin du script.
2014-07-02 18:15:59,422:INFO:Bienvenue dans le script pour redescendre des tables entre bases.
2014-07-02 18:15:59,422:INFO:Mode d'action choisi : lunch.
2014-07-02 18:15:59,422:DEBUG:Début chargement configuration
2014-07-02 18:15:59,423:DEBUG:Chargement configuration réussi
2014-07-02 18:15:59,423:INFO:Début lunch pour Extraction des datas de MoneyEx
2014-07-02 18:16:03,934:ERROR:Erreur pendant lunch : ('charmap' codec can't encode character '\u2019' in position 4: character maps to <undefined>)
2014-07-02 18:16:03,935:INFO:Fin du script.
2014-07-02 18:17:39,408:INFO:Bienvenue dans le script pour redescendre des tables entre bases.
2014-07-02 18:17:39,408:INFO:Mode d'action choisi : lunch.
2014-07-02 18:17:39,408:DEBUG:Début chargement configuration
2014-07-02 18:17:39,409:DEBUG:Chargement configuration réussi
2014-07-02 18:17:39,409:INFO:Début lunch pour Extraction des datas de MoneyEx
2014-07-02 18:17:44,418:INFO:Fin lunch
2014-07-02 18:17:44,419:INFO:Fin du script.
2014-07-02 18:28:06,862:INFO:Bienvenue dans le script pour redescendre des tables entre bases.
2014-07-02 18:28:06,863:INFO:Mode d'action choisi : lunch.
2014-07-02 18:28:06,863:DEBUG:Début chargement configuration
2014-07-02 18:28:06,863:DEBUG:Chargement configuration réussi
2014-07-02 18:28:06,863:INFO:Début lunch pour Extraction des datas de MoneyEx
2014-07-02 18:28:07,866:INFO:Fin lunch
2014-07-02 18:28:07,866:INFO:Fin du script.
2014-07-02 18:28:52,425:INFO:Bienvenue dans le script pour redescendre des tables entre bases.
2014-07-02 18:28:52,425:INFO:Mode d'action choisi : lunch.
2014-07-02 18:28:52,425:DEBUG:Début chargement configuration
2014-07-02 18:28:52,426:DEBUG:Chargement configuration réussi
2014-07-02 18:28:52,426:INFO:Début lunch pour Extraction des datas de MoneyEx
2014-07-02 18:28:52,431:ERROR:Erreur pendant lunch : (Can't convert 'bool' object to str implicitly)
2014-07-02 18:28:52,432:INFO:Fin du script.
2014-07-02 18:31:01,148:INFO:Bienvenue dans le script pour redescendre des tables entre bases.
2014-07-02 18:31:01,149:INFO:Mode d'action choisi : lunch.
2014-07-02 18:31:01,149:DEBUG:Début chargement configuration
2014-07-02 18:31:01,149:DEBUG:Chargement configuration réussi
2014-07-02 18:31:01,150:INFO:Début lunch pour Extraction des datas de MoneyEx
2014-07-02 18:31:03,486:INFO:Fin lunch
2014-07-02 18:31:03,487:INFO:Fin du script.
2014-07-02 18:31:20,981:INFO:Bienvenue dans le script pour redescendre des tables entre bases.
2014-07-02 18:31:20,981:INFO:Mode d'action choisi : lunch.
2014-07-02 18:31:20,981:DEBUG:Début chargement configuration
2014-07-02 18:31:20,982:DEBUG:Chargement configuration réussi
2014-07-02 18:31:20,982:INFO:Début lunch pour Extraction des datas de MoneyEx
2014-07-02 18:31:23,699:INFO:Fin lunch
2014-07-02 18:31:23,700:INFO:Fin du script.
2014-07-02 18:31:53,625:INFO:Bienvenue dans le script pour redescendre des tables entre bases.
2014-07-02 18:31:53,625:INFO:Mode d'action choisi : lunch.
2014-07-02 18:31:53,626:DEBUG:Début chargement configuration
2014-07-02 18:31:53,626:DEBUG:Chargement configuration réussi
2014-07-02 18:31:53,626:INFO:Début lunch pour Extraction des datas de MoneyEx
2014-07-02 18:31:56,338:INFO:Fin lunch
2014-07-02 18:31:56,338:INFO:Fin du script.
2014-07-02 18:32:37,927:INFO:Bienvenue dans le script pour redescendre des tables entre bases.
2014-07-02 18:32:37,927:INFO:Mode d'action choisi : lunch.
2014-07-02 18:32:37,927:DEBUG:Début chargement configuration
2014-07-02 18:32:37,928:DEBUG:Chargement configuration réussi
2014-07-02 18:32:37,928:INFO:Début lunch pour Extraction des datas de MoneyEx
2014-07-02 18:32:42,118:INFO:Fin lunch
2014-07-02 18:32:42,118:INFO:Fin du script.
2014-07-02 18:33:34,197:INFO:Bienvenue dans le script pour redescendre des tables entre bases.
2014-07-02 18:33:34,197:INFO:Mode d'action choisi : lunch.
2014-07-02 18:33:34,197:DEBUG:Début chargement configuration
2014-07-02 18:33:34,197:DEBUG:Chargement configuration réussi
2014-07-02 18:33:34,198:INFO:Début lunch pour Extraction des datas de MoneyEx
2014-07-02 18:33:37,760:INFO:Fin lunch
2014-07-02 18:33:37,761:INFO:Fin du script.
2014-07-02 18:34:10,394:INFO:Bienvenue dans le script pour redescendre des tables entre bases.
2014-07-02 18:34:10,394:INFO:Mode d'action choisi : lunch.
2014-07-02 18:34:10,395:DEBUG:Début chargement configuration
2014-07-02 18:34:10,395:DEBUG:Chargement configuration réussi
2014-07-02 18:34:10,396:INFO:Début lunch pour Extraction des datas de MoneyEx
2014-07-02 18:34:11,562:INFO:Fin lunch
2014-07-02 18:34:11,562:INFO:Fin du script.
2014-07-02 18:34:33,227:INFO:Bienvenue dans le script pour redescendre des tables entre bases.
2014-07-02 18:34:33,227:INFO:Mode d'action choisi : lunch.
2014-07-02 18:34:33,228:DEBUG:Début chargement configuration
2014-07-02 18:34:33,228:DEBUG:Chargement configuration réussi
2014-07-02 18:34:33,228:INFO:Début lunch pour Extraction des datas de MoneyEx
2014-07-02 18:34:33,232:ERROR:Erreur pendant lunch : (local variable 'gardien' referenced before assignment)
2014-07-02 18:34:33,233:INFO:Fin du script.
2014-07-02 18:35:02,825:INFO:Bienvenue dans le script pour redescendre des tables entre bases.
2014-07-02 18:35:02,826:INFO:Mode d'action choisi : lunch.
2014-07-02 18:35:02,826:DEBUG:Début chargement configuration
2014-07-02 18:35:02,826:DEBUG:Chargement configuration réussi
2014-07-02 18:35:02,827:INFO:Début lunch pour Extraction des datas de MoneyEx
2014-07-02 18:35:02,831:ERROR:Erreur pendant lunch : (local variable 'gardien' referenced before assignment)
2014-07-02 18:35:02,831:INFO:Fin du script.
2014-07-02 18:36:14,701:INFO:Bienvenue dans le script pour redescendre des tables entre bases.
2014-07-02 18:36:14,701:INFO:Mode d'action choisi : lunch.
2014-07-02 18:36:14,702:DEBUG:Début chargement configuration
2014-07-02 18:36:14,702:DEBUG:Chargement configuration réussi
2014-07-02 18:36:14,703:INFO:Début lunch pour Extraction des datas de MoneyEx
2014-07-02 18:36:15,771:INFO:Fin lunch
2014-07-02 18:36:15,771:INFO:Fin du script.
2014-07-02 18:36:58,255:INFO:Bienvenue dans le script pour redescendre des tables entre bases.
2014-07-02 18:36:58,256:INFO:Mode d'action choisi : lunch.
2014-07-02 18:36:58,256:DEBUG:Début chargement configuration
2014-07-02 18:36:58,257:DEBUG:Chargement configuration réussi
2014-07-02 18:36:58,257:INFO:Début lunch pour Extraction des datas de MoneyEx
2014-07-02 18:36:58,261:ERROR:Erreur pendant lunch : (local variable 'gardien' referenced before assignment)
2014-07-02 18:36:58,261:INFO:Fin du script.
2014-07-02 18:38:11,666:INFO:Bienvenue dans le script pour redescendre des tables entre bases.
2014-07-02 18:38:11,667:INFO:Mode d'action choisi : lunch.
2014-07-02 18:38:11,667:DEBUG:Début chargement configuration
2014-07-02 18:38:11,668:DEBUG:Chargement configuration réussi
2014-07-02 18:38:11,668:INFO:Début lunch pour Extraction des datas de MoneyEx
2014-07-02 18:38:11,672:ERROR:Erreur pendant lunch : (local variable 'gardien' referenced before assignment)
2014-07-02 18:38:11,673:INFO:Fin du script.
2014-07-02 18:38:26,407:INFO:Bienvenue dans le script pour redescendre des tables entre bases.
2014-07-02 18:38:26,407:INFO:Mode d'action choisi : lunch.
2014-07-02 18:38:26,407:DEBUG:Début chargement configuration
2014-07-02 18:38:26,408:DEBUG:Chargement configuration réussi
2014-07-02 18:38:26,408:INFO:Début lunch pour Extraction des datas de MoneyEx
2014-07-02 18:38:27,648:INFO:Fin lunch
2014-07-02 18:38:27,649:INFO:Fin du script.
2014-07-02 18:39:21,296:INFO:Bienvenue dans le script pour redescendre des tables entre bases.
2014-07-02 18:39:21,296:INFO:Mode d'action choisi : lunch.
2014-07-02 18:39:21,296:DEBUG:Début chargement configuration
2014-07-02 18:39:21,296:DEBUG:Chargement configuration réussi
2014-07-02 18:39:21,297:INFO:Début lunch pour Extraction des datas de MoneyEx
2014-07-03 16:30:39,110:INFO:Bienvenue dans le script pour redescendre des tables entre bases.
2014-07-03 16:30:39,110:INFO:Mode d'action choisi : lunch.
2014-07-03 16:30:39,111:DEBUG:Début chargement configuration
2014-07-03 16:30:39,112:DEBUG:Chargement configuration réussi
2014-07-03 16:30:39,112:INFO:Début lunch pour Extraction des datas de MoneyEx
2014-07-03 16:41:02,865:INFO:Bienvenue dans le script pour redescendre des tables entre bases.
2014-07-03 16:41:02,865:INFO:Mode d'action choisi : lunch.
2014-07-03 16:41:02,865:DEBUG:Début chargement configuration
2014-07-03 16:41:02,866:DEBUG:Chargement configuration réussi
2014-07-03 16:41:02,866:INFO:Début lunch pour Extraction des datas de MoneyEx
2014-07-03 16:41:02,975:INFO:Fin lunch
2014-07-03 16:41:02,975:INFO:Fin du script.
2014-07-03 16:42:48,477:INFO:Bienvenue dans le script pour redescendre des tables entre bases.
2014-07-03 16:42:48,478:INFO:Mode d'action choisi : lunch.
2014-07-03 16:42:48,478:DEBUG:Début chargement configuration
2014-07-03 16:42:48,479:DEBUG:Chargement configuration réussi
2014-07-03 16:42:48,480:INFO:Début lunch pour Extraction des datas de MoneyEx
2014-07-03 16:42:48,605:INFO:Fin lunch
2014-07-03 16:42:48,605:INFO:Fin du script.
2014-07-03 16:45:17,444:INFO:Bienvenue dans le script pour redescendre des tables entre bases.
2014-07-03 16:45:17,445:INFO:Mode d'action choisi : lunch.
2014-07-03 16:45:17,445:DEBUG:Début chargement configuration
2014-07-03 16:45:17,446:DEBUG:Chargement configuration réussi
2014-07-03 16:45:17,446:INFO:Début lunch pour Extraction des datas de MoneyEx
2014-07-03 16:45:17,569:INFO:Fin lunch
2014-07-03 16:45:17,570:INFO:Fin du script.
2014-07-03 16:47:14,963:INFO:Bienvenue dans le script pour redescendre des tables entre bases.
2014-07-03 16:47:14,963:INFO:Mode d'action choisi : lunch.
2014-07-03 16:47:14,964:DEBUG:Début chargement configuration
2014-07-03 16:47:14,965:DEBUG:Chargement configuration réussi
2014-07-03 16:47:14,965:INFO:Début lunch pour Extraction des datas de MoneyEx
2014-07-03 16:47:15,013:INFO:Fin lunch
2014-07-03 16:47:15,014:INFO:Fin du script.
2014-07-03 16:47:49,523:INFO:Bienvenue dans le script pour redescendre des tables entre bases.
2014-07-03 16:47:49,523:INFO:Mode d'action choisi : lunch.
2014-07-03 16:47:49,524:DEBUG:Début chargement configuration
2014-07-03 16:47:49,525:DEBUG:Chargement configuration réussi
2014-07-03 16:47:49,525:INFO:Début lunch pour Extraction des datas de MoneyEx
2014-07-03 16:47:49,533:INFO:Fin lunch
2014-07-03 16:47:49,533:INFO:Fin du script.
2014-07-03 16:49:37,951:INFO:Bienvenue dans le script pour redescendre des tables entre bases.
2014-07-03 16:49:37,952:INFO:Mode d'action choisi : lunch.
2014-07-03 16:49:37,952:DEBUG:Début chargement configuration
2014-07-03 16:49:37,953:DEBUG:Chargement configuration réussi
2014-07-03 16:49:37,953:INFO:Début lunch pour Extraction des datas de MoneyEx
2014-07-03 16:49:37,998:INFO:Fin lunch
2014-07-03 16:49:37,998:INFO:Fin du script.
2014-07-03 16:50:56,692:INFO:Bienvenue dans le script pour redescendre des tables entre bases.
2014-07-03 16:50:56,692:INFO:Mode d'action choisi : lunch.
2014-07-03 16:50:56,693:DEBUG:Début chargement configuration
2014-07-03 16:50:56,693:DEBUG:Chargement configuration réussi
2014-07-03 16:50:56,694:INFO:Début lunch pour Extraction des datas de MoneyEx
2014-07-03 16:50:56,729:INFO:Fin lunch
2014-07-03 16:50:56,729:INFO:Fin du script.
2014-07-03 16:51:14,469:INFO:Bienvenue dans le script pour redescendre des tables entre bases.
2014-07-03 16:51:14,469:INFO:Mode d'action choisi : lunch.
2014-07-03 16:51:14,470:DEBUG:Début chargement configuration
2014-07-03 16:51:14,471:DEBUG:Chargement configuration réussi
2014-07-03 16:51:14,471:INFO:Début lunch pour Extraction des datas de MoneyEx
2014-07-03 16:51:14,500:INFO:Fin lunch
2014-07-03 16:51:14,500:INFO:Fin du script.
2014-07-03 16:52:15,246:INFO:Bienvenue dans le script pour redescendre des tables entre bases.
2014-07-03 16:52:15,247:INFO:Mode d'action choisi : lunch.
2014-07-03 16:52:15,247:DEBUG:Début chargement configuration
2014-07-03 16:52:15,248:DEBUG:Chargement configuration réussi
2014-07-03 16:52:15,248:INFO:Début lunch pour Extraction des datas de MoneyEx
2014-07-03 16:52:15,275:INFO:Fin lunch
2014-07-03 16:52:15,276:INFO:Fin du script.
2014-07-03 16:52:32,452:INFO:Bienvenue dans le script pour redescendre des tables entre bases.
2014-07-03 16:52:32,453:INFO:Mode d'action choisi : lunch.
2014-07-03 16:52:32,453:DEBUG:Début chargement configuration
2014-07-03 16:52:32,454:DEBUG:Chargement configuration réussi
2014-07-03 16:52:32,454:INFO:Début lunch pour Extraction des datas de MoneyEx
2014-07-03 16:52:32,481:INFO:Fin lunch
2014-07-03 16:52:32,481:INFO:Fin du script.
2014-07-03 16:54:03,638:INFO:Bienvenue dans le script pour redescendre des tables entre bases.
2014-07-03 16:54:03,639:INFO:Mode d'action choisi : lunch.
2014-07-03 16:54:03,639:DEBUG:Début chargement configuration
2014-07-03 16:54:03,640:DEBUG:Chargement configuration réussi
2014-07-03 16:54:03,640:INFO:Début lunch pour Extraction des datas de MoneyEx
2014-07-03 16:54:03,670:INFO:Fin lunch
2014-07-03 16:54:03,671:INFO:Fin du script.
2014-07-03 16:54:19,635:INFO:Bienvenue dans le script pour redescendre des tables entre bases.
2014-07-03 16:54:19,636:INFO:Mode d'action choisi : lunch.
2014-07-03 16:54:19,636:DEBUG:Début chargement configuration
2014-07-03 16:54:19,637:DEBUG:Chargement configuration réussi
2014-07-03 16:54:19,637:INFO:Début lunch pour Extraction des datas de MoneyEx
2014-07-03 16:54:19,692:INFO:Fin lunch
2014-07-03 16:54:19,692:INFO:Fin du script.
2014-07-03 16:54:44,696:INFO:Bienvenue dans le script pour redescendre des tables entre bases.
2014-07-03 16:54:44,697:INFO:Mode d'action choisi : lunch.
2014-07-03 16:54:44,697:DEBUG:Début chargement configuration
2014-07-03 16:54:44,698:DEBUG:Chargement configuration réussi
2014-07-03 16:54:44,699:INFO:Début lunch pour Extraction des datas de MoneyEx
2014-07-03 16:54:44,722:INFO:Fin lunch
2014-07-03 16:54:44,722:INFO:Fin du script.
2014-07-03 16:55:11,256:INFO:Bienvenue dans le script pour redescendre des tables entre bases.
2014-07-03 16:55:11,257:INFO:Mode d'action choisi : lunch.
2014-07-03 16:55:11,257:DEBUG:Début chargement configuration
2014-07-03 16:55:11,258:DEBUG:Chargement configuration réussi
2014-07-03 16:55:11,258:INFO:Début lunch pour Extraction des datas de MoneyEx
2014-07-03 16:55:11,263:INFO:Fin lunch
2014-07-03 16:55:11,263:INFO:Fin du script.
2014-07-03 16:57:30,609:INFO:Bienvenue dans le script pour redescendre des tables entre bases.
2014-07-03 16:57:30,609:INFO:Mode d'action choisi : lunch.
2014-07-03 16:57:30,610:DEBUG:Début chargement configuration
2014-07-03 16:57:30,611:DEBUG:Chargement configuration réussi
2014-07-03 16:57:30,611:INFO:Début lunch pour Extraction des datas de MoneyEx
2014-07-03 16:57:30,612:ERROR:Erreur pendant lunch : (local variable 'nbElement' referenced before assignment)
2014-07-03 16:57:30,613:INFO:Fin du script.
2014-07-03 16:57:47,484:INFO:Bienvenue dans le script pour redescendre des tables entre bases.
2014-07-03 16:57:47,484:INFO:Mode d'action choisi : lunch.
2014-07-03 16:57:47,485:DEBUG:Début chargement configuration
2014-07-03 16:57:47,486:DEBUG:Chargement configuration réussi
2014-07-03 16:57:47,486:INFO:Début lunch pour Extraction des datas de MoneyEx
2014-07-03 16:57:47,492:INFO:Fin lunch
2014-07-03 16:57:47,492:INFO:Fin du script.
2014-07-03 16:58:35,753:INFO:Bienvenue dans le script pour redescendre des tables entre bases.
2014-07-03 16:58:35,753:INFO:Mode d'action choisi : lunch.
2014-07-03 16:58:35,753:DEBUG:Début chargement configuration
2014-07-03 16:58:35,754:DEBUG:Chargement configuration réussi
2014-07-03 16:58:35,754:INFO:Début lunch pour Extraction des datas de MoneyEx
2014-07-03 16:58:35,761:INFO:Fin lunch
2014-07-03 16:58:35,761:INFO:Fin du script.
2014-07-03 17:00:46,077:INFO:Bienvenue dans le script pour redescendre des tables entre bases.
2014-07-03 17:00:46,077:INFO:Mode d'action choisi : lunch.
2014-07-03 17:00:46,078:DEBUG:Début chargement configuration
2014-07-03 17:00:46,079:DEBUG:Chargement configuration réussi
2014-07-03 17:00:46,079:INFO:Début lunch pour Extraction des datas de MoneyEx
2014-07-03 17:00:46,085:INFO:Fin lunch
2014-07-03 17:00:46,085:INFO:Fin du script.
2014-07-03 17:02:02,613:INFO:Bienvenue dans le script pour redescendre des tables entre bases.
2014-07-03 17:02:02,613:INFO:Mode d'action choisi : lunch.
2014-07-03 17:02:02,614:DEBUG:Début chargement configuration
2014-07-03 17:02:02,614:DEBUG:Chargement configuration réussi
2014-07-03 17:02:02,615:INFO:Début lunch pour Extraction des datas de MoneyEx
2014-07-03 17:02:02,621:ERROR:Erreur pendant lunch : ([Errno 13] Permission denied: 'hello.csv')
2014-07-03 17:02:02,621:INFO:Fin du script.
2014-07-03 17:04:15,387:INFO:Bienvenue dans le script pour redescendre des tables entre bases.
2014-07-03 17:04:15,388:INFO:Mode d'action choisi : lunch.
2014-07-03 17:04:15,388:DEBUG:Début chargement configuration
2014-07-03 17:04:15,389:DEBUG:Chargement configuration réussi
2014-07-03 17:04:15,389:INFO:Début lunch pour Extraction des datas de MoneyEx
2014-07-03 17:04:15,396:ERROR:Erreur pendant lunch : ([Errno 13] Permission denied: 'hello.csv')
2014-07-03 17:04:15,396:INFO:Fin du script.
2014-07-03 17:06:17,642:INFO:Bienvenue dans le script pour redescendre des tables entre bases.
2014-07-03 17:06:17,642:INFO:Mode d'action choisi : lunch.
2014-07-03 17:06:17,642:DEBUG:Début chargement configuration
2014-07-03 17:06:17,643:DEBUG:Chargement configuration réussi
2014-07-03 17:06:17,643:INFO:Début lunch pour Extraction des datas de MoneyEx
2014-07-03 17:06:17,649:ERROR:Erreur pendant lunch : ([Errno 13] Permission denied: 'hello.csv')
2014-07-03 17:06:17,650:INFO:Fin du script.
2014-07-03 17:06:33,119:INFO:Bienvenue dans le script pour redescendre des tables entre bases.
2014-07-03 17:06:33,119:INFO:Mode d'action choisi : lunch.
2014-07-03 17:06:33,120:DEBUG:Début chargement configuration
2014-07-03 17:06:33,121:DEBUG:Chargement configuration réussi
2014-07-03 17:06:33,121:INFO:Début lunch pour Extraction des datas de MoneyEx
2014-07-03 17:06:33,127:ERROR:Erreur pendant lunch : ([Errno 13] Permission denied: './hello.csv')
2014-07-03 17:06:33,127:INFO:Fin du script.
2014-07-03 17:06:42,551:INFO:Bienvenue dans le script pour redescendre des tables entre bases.
2014-07-03 17:06:42,552:INFO:Mode d'action choisi : lunch.
2014-07-03 17:06:42,552:DEBUG:Début chargement configuration
2014-07-03 17:06:42,553:DEBUG:Chargement configuration réussi
2014-07-03 17:06:42,553:INFO:Début lunch pour Extraction des datas de MoneyEx
2014-07-03 17:06:42,559:ERROR:Erreur pendant lunch : ([Errno 13] Permission denied: '../hello.csv')
2014-07-03 17:06:42,560:INFO:Fin du script.
2014-07-03 17:08:51,493:INFO:Bienvenue dans le script pour redescendre des tables entre bases.
2014-07-03 17:08:51,493:INFO:Mode d'action choisi : lunch.
2014-07-03 17:08:51,494:DEBUG:Début chargement configuration
2014-07-03 17:08:51,495:DEBUG:Chargement configuration réussi
2014-07-03 17:08:51,495:INFO:Début lunch pour Extraction des datas de MoneyEx
2014-07-03 17:08:51,502:INFO:Fin lunch
2014-07-03 17:08:51,502:INFO:Fin du script.
2014-07-03 17:10:24,222:INFO:Bienvenue dans le script pour redescendre des tables entre bases.
2014-07-03 17:10:24,223:INFO:Mode d'action choisi : lunch.
2014-07-03 17:10:24,223:DEBUG:Début chargement configuration
2014-07-03 17:10:24,224:DEBUG:Chargement configuration réussi
2014-07-03 17:10:24,224:INFO:Début lunch pour Extraction des datas de MoneyEx
2014-07-03 17:10:24,230:INFO:Fin lunch
2014-07-03 17:10:24,231:INFO:Fin du script.
2014-07-03 17:11:53,321:INFO:Bienvenue dans le script pour redescendre des tables entre bases.
2014-07-03 17:11:53,322:INFO:Mode d'action choisi : lunch.
2014-07-03 17:11:53,322:DEBUG:Début chargement configuration
2014-07-03 17:11:53,323:DEBUG:Chargement configuration réussi
2014-07-03 17:11:53,324:INFO:Début lunch pour Extraction des datas de MoneyEx
2014-07-03 17:11:53,330:ERROR:Erreur pendant lunch : ([Errno 13] Permission denied: 'hello.csv')
2014-07-03 17:11:53,330:INFO:Fin du script.
2014-07-03 17:12:00,396:INFO:Bienvenue dans le script pour redescendre des tables entre bases.
2014-07-03 17:12:00,397:INFO:Mode d'action choisi : lunch.
2014-07-03 17:12:00,398:DEBUG:Début chargement configuration
2014-07-03 17:12:00,399:DEBUG:Chargement configuration réussi
2014-07-03 17:12:00,399:INFO:Début lunch pour Extraction des datas de MoneyEx
2014-07-03 17:12:00,408:ERROR:Erreur pendant lunch : ([Errno 13] Permission denied: '../hello.csv')
2014-07-03 17:12:00,409:INFO:Fin du script.
2014-07-03 17:17:08,084:INFO:Bienvenue dans le script pour redescendre des tables entre bases.
2014-07-03 17:17:08,085:INFO:Mode d'action choisi : lunch.
2014-07-03 17:17:08,085:DEBUG:Début chargement configuration
2014-07-03 17:17:08,086:DEBUG:Chargement configuration réussi
2014-07-03 17:17:08,086:INFO:Début lunch pour Extraction des datas de MoneyEx
2014-07-03 17:17:08,093:INFO:Fin lunch
2014-07-03 17:17:08,093:INFO:Fin du script.
2014-07-03 17:17:19,069:INFO:Bienvenue dans le script pour redescendre des tables entre bases.
2014-07-03 17:17:19,069:INFO:Mode d'action choisi : lunch.
2014-07-03 17:17:19,069:DEBUG:Début chargement configuration
2014-07-03 17:17:19,070:DEBUG:Chargement configuration réussi
2014-07-03 17:17:19,071:INFO:Début lunch pour Extraction des datas de MoneyEx
2014-07-03 17:17:19,076:INFO:Fin lunch
2014-07-03 17:17:19,077:INFO:Fin du script.
2014-07-03 17:20:16,242:INFO:Bienvenue dans le script pour redescendre des tables entre bases.
2014-07-03 17:20:16,242:INFO:Mode d'action choisi : lunch.
2014-07-03 17:20:16,243:DEBUG:Début chargement configuration
2014-07-03 17:20:16,243:DEBUG:Chargement configuration réussi
2014-07-03 17:20:16,244:INFO:Début lunch pour Extraction des datas de MoneyEx
2014-07-03 17:20:17,136:INFO:Fin lunch
2014-07-03 17:20:17,137:INFO:Fin du script.
2014-07-03 17:22:56,493:INFO:Bienvenue dans le script pour redescendre des tables entre bases.
2014-07-03 17:22:56,494:INFO:Mode d'action choisi : lunch.
2014-07-03 17:22:56,494:DEBUG:Début chargement configuration
2014-07-03 17:22:56,495:DEBUG:Chargement configuration réussi
2014-07-03 17:22:56,495:INFO:Début lunch pour Extraction des datas de MoneyEx
2014-07-03 17:22:57,354:INFO:Fin lunch
2014-07-03 17:22:57,355:INFO:Fin du script.
2014-07-03 17:23:52,167:INFO:Bienvenue dans le script pour redescendre des tables entre bases.
2014-07-03 17:23:52,168:INFO:Mode d'action choisi : lunch.
2014-07-03 17:23:52,168:DEBUG:Début chargement configuration
2014-07-03 17:23:52,169:DEBUG:Chargement configuration réussi
2014-07-03 17:23:52,169:INFO:Début lunch pour Extraction des datas de MoneyEx
2014-07-03 17:23:53,030:INFO:Fin lunch
2014-07-03 17:23:53,031:INFO:Fin du script.
2014-07-03 17:25:24,045:INFO:Bienvenue dans le script pour redescendre des tables entre bases.
2014-07-03 17:25:24,046:INFO:Mode d'action choisi : lunch.
2014-07-03 17:25:24,046:DEBUG:Début chargement configuration
2014-07-03 17:25:24,047:DEBUG:Chargement configuration réussi
2014-07-03 17:25:24,048:INFO:Début lunch pour Extraction des datas de MoneyEx
2014-07-03 17:25:24,053:ERROR:Erreur pendant lunch : (global name 'myTextData' is not defined)
2014-07-03 17:25:24,054:INFO:Fin du script.
2014-07-03 17:27:33,725:INFO:Bienvenue dans le script pour redescendre des tables entre bases.
2014-07-03 17:27:33,725:INFO:Mode d'action choisi : lunch.
2014-07-03 17:27:33,726:DEBUG:Début chargement configuration
2014-07-03 17:27:33,727:DEBUG:Chargement configuration réussi
2014-07-03 17:27:33,727:INFO:Début lunch pour Extraction des datas de MoneyEx
2014-07-03 17:27:34,608:INFO:Fin lunch
2014-07-03 17:27:34,609:INFO:Fin du script.
2014-07-16 17:47:03,918:INFO:Bienvenue dans le script pour redescendre des tables entre bases.
2014-07-16 17:47:03,935:INFO:Mode d'action choisi : lunch.
2014-07-16 17:47:03,935:DEBUG:Début chargement configuration
2014-07-16 17:47:03,937:DEBUG:Chargement configuration réussi
2014-07-16 17:47:03,937:INFO:Début lunch pour Extraction des datas de MoneyEx
2014-07-16 17:47:03,938:ERROR:Erreur pendant lunch : ([Errno 2] No such file or directory: 'C:/Users/Fabrice/Google Drive/Personnel/Budget/140716.html')
2014-07-16 17:47:03,939:INFO:Fin du script.
2014-07-16 17:49:25,942:INFO:Bienvenue dans le script pour redescendre des tables entre bases.
2014-07-16 17:49:25,942:INFO:Mode d'action choisi : lunch.
2014-07-16 17:49:25,942:DEBUG:Début chargement configuration
2014-07-16 17:49:25,942:DEBUG:Chargement configuration réussi
2014-07-16 17:49:25,943:INFO:Début lunch pour Extraction des datas de MoneyEx
2014-07-16 17:49:25,943:ERROR:Erreur pendant lunch : ([Errno 2] No such file or directory: 'C:/Users/Fabrice/Google Drive/Personnel/Budget/140716.html')
2014-07-16 17:49:25,943:INFO:Fin du script.
2014-07-16 17:50:17,384:INFO:Bienvenue dans le script pour redescendre des tables entre bases.
2014-07-16 17:50:17,384:INFO:Mode d'action choisi : lunch.
2014-07-16 17:50:17,384:DEBUG:Début chargement configuration
2014-07-16 17:50:17,385:DEBUG:Chargement configuration réussi
2014-07-16 17:50:17,385:INFO:Début lunch pour Extraction des datas de MoneyEx
2014-07-16 17:50:17,385:ERROR:Erreur pendant lunch : ([Errno 2] No such file or directory: 'C:/Users/Fabrice/Google Drive/Personnel/Budget/140716.html')
2014-07-16 17:50:17,385:INFO:Fin du script.
2014-07-16 17:53:23,183:INFO:Bienvenue dans le script pour redescendre des tables entre bases.
2014-07-16 17:53:23,183:INFO:Mode d'action choisi : lunch.
2014-07-16 17:53:23,184:DEBUG:Début chargement configuration
2014-07-16 17:53:23,184:DEBUG:Chargement configuration réussi
2014-07-16 17:53:23,185:INFO:Début lunch pour Extraction des datas de MoneyEx
2014-07-16 17:53:23,185:WARNING:=>remplace euro symbole et quote
2014-07-16 17:53:23,186:ERROR:Erreur pendant lunch : ([Errno 2] No such file or directory: 'C:/Users/Fabrice/Google Drive/Personnel/Budget/140716.html')
2014-07-16 17:53:23,186:INFO:Fin du script.
2014-07-16 17:57:35,011:INFO:Bienvenue dans le script pour redescendre des tables entre bases.
2014-07-16 17:57:35,012:INFO:Mode d'action choisi : lunch.
2014-07-16 17:57:35,012:DEBUG:Début chargement configuration
2014-07-16 17:57:35,013:DEBUG:Chargement configuration réussi
2014-07-16 17:57:35,013:INFO:Début lunch pour Extraction des datas de MoneyEx
2014-07-16 17:57:35,013:WARNING:ATTENTION remplace euro et quote le 4 sous word
2014-07-16 17:57:35,014:ERROR:Erreur pendant lunch : ([Errno 2] No such file or directory: 'C:/Users/Fabrice/Google Drive/Personnel/Budget/140716.html')
2014-07-16 17:57:35,014:INFO:Fin du script.
2014-07-16 17:58:02,415:INFO:Bienvenue dans le script pour redescendre des tables entre bases.
2014-07-16 17:58:02,415:INFO:Mode d'action choisi : lunch.
2014-07-16 17:58:02,415:DEBUG:Début chargement configuration
2014-07-16 17:58:02,416:DEBUG:Chargement configuration réussi
2014-07-16 17:58:02,416:INFO:Début lunch pour Extraction des datas de MoneyEx
2014-07-16 17:58:02,417:WARNING:ATTENTION remplace euro et quote le 4 sous word
2014-07-16 17:58:02,417:ERROR:Erreur pendant lunch : ([Errno 2] No such file or directory: 'C:/Users/Fabrice/Google Drive/Personnel/Budget/140716.html')
2014-07-16 17:58:02,418:INFO:Fin du script.
2014-07-16 17:59:14,115:INFO:Bienvenue dans le script pour redescendre des tables entre bases.
2014-07-16 17:59:14,115:INFO:Mode d'action choisi : lunch.
2014-07-16 17:59:14,115:DEBUG:Début chargement configuration
2014-07-16 17:59:14,116:DEBUG:Chargement configuration réussi
2014-07-16 17:59:14,116:INFO:Début lunch pour Extraction des datas de MoneyEx
2014-07-16 17:59:14,116:WARNING:ATTENTION remplace euro et quote le 4 sous word
2014-07-16 17:59:15,014:INFO:Fin lunch
2014-07-16 17:59:15,015:INFO:Fin du script.
2014-07-30 16:13:51,744:INFO:Bienvenue dans le script pour redescendre des tables entre bases.
2014-07-30 16:13:51,753:INFO:Mode d'action choisi : lunch.
2014-07-30 16:13:51,754:DEBUG:Début chargement configuration
2014-07-30 16:13:51,755:DEBUG:Chargement configuration réussi
2014-07-30 16:13:51,755:INFO:Début lunch pour Extraction des datas de MoneyEx
2014-07-30 16:13:51,756:WARNING:ATTENTION remplace euro et quote le 4 sous word
2014-07-30 16:13:52,745:WARNING:ATTENTION penser a convertir en utf8 le csv
2014-07-30 16:13:52,745:INFO:Fin lunch
2014-07-30 16:13:52,746:INFO:Fin du script.
2014-08-27 15:55:10,559:INFO:Bienvenue dans le script pour redescendre des tables entre bases.
2014-08-27 15:55:10,576:INFO:Mode d'action choisi : lunch.
2014-08-27 15:55:10,576:DEBUG:Début chargement configuration
2014-08-27 15:55:10,577:DEBUG:Chargement configuration réussi
2014-08-27 15:55:10,578:INFO:Début lunch pour Extraction des datas de MoneyEx
2014-08-27 15:55:10,578:WARNING:ATTENTION remplace euro et quote le 4 sous word
2014-08-27 15:55:11,170:WARNING:ATTENTION penser a convertir en utf8 le csv
2014-08-27 15:55:11,170:INFO:Fin lunch
2014-08-27 15:55:11,171:INFO:Fin du script.
2014-08-27 15:55:28,509:INFO:Bienvenue dans le script pour redescendre des tables entre bases.
2014-08-27 15:55:28,509:INFO:Mode d'action choisi : lunch.
2014-08-27 15:55:28,509:DEBUG:Début chargement configuration
2014-08-27 15:55:28,510:DEBUG:Chargement configuration réussi
2014-08-27 15:55:28,510:INFO:Début lunch pour Extraction des datas de MoneyEx
2014-08-27 15:55:28,510:WARNING:ATTENTION remplace euro et quote le 4 sous word
2014-08-27 15:55:28,980:WARNING:ATTENTION penser a convertir en utf8 le csv
2014-08-27 15:55:28,981:INFO:Fin lunch
2014-08-27 15:55:28,981:INFO:Fin du script.
2014-08-27 16:37:35,882:INFO:Bienvenue dans le script pour redescendre des tables entre bases.
2014-08-27 16:37:35,902:INFO:Mode d'action choisi : lunch.
2014-08-27 16:37:35,902:DEBUG:Début chargement configuration
2014-08-27 16:37:35,903:DEBUG:Chargement configuration réussi
2014-08-27 16:37:35,903:INFO:Début lunch pour Extraction des datas de MoneyEx
2014-08-27 16:37:35,903:WARNING:ATTENTION remplace euro et quote le 4 sous word
2014-08-27 16:37:36,333:WARNING:ATTENTION penser a convertir en utf8 le csv
2014-08-27 16:37:36,334:INFO:Fin lunch
2014-08-27 16:37:36,334:INFO:Fin du script.
